{"C:\\projects\\my-own-world\\src\\server\\utils\\compares\\index.ts": {"path":"C:\\projects\\my-own-world\\src\\server\\utils\\compares\\index.ts","statementMap":{"0":{"start":{"line":1,"column":0},"end":{"line":1,"column":31}},"1":{"start":{"line":9,"column":15},"end":{"line":9,"column":79}},"2":{"start":{"line":10,"column":4},"end":{"line":10,"column":25}},"3":{"start":{"line":8,"column":0},"end":{"line":8,"column":16}},"4":{"start":{"line":18,"column":4},"end":{"line":18,"column":26}},"5":{"start":{"line":17,"column":0},"end":{"line":17,"column":16}},"6":{"start":{"line":26,"column":4},"end":{"line":26,"column":53}},"7":{"start":{"line":25,"column":0},"end":{"line":25,"column":16}},"8":{"start":{"line":34,"column":4},"end":{"line":34,"column":28}},"9":{"start":{"line":33,"column":0},"end":{"line":33,"column":16}}},"fnMap":{"0":{"name":"isValidUuid","decl":{"start":{"line":8,"column":16},"end":{"line":8,"column":27}},"loc":{"start":{"line":8,"column":40},"end":{"line":11,"column":1}}},"1":{"name":"isTrue","decl":{"start":{"line":17,"column":16},"end":{"line":17,"column":22}},"loc":{"start":{"line":17,"column":33},"end":{"line":19,"column":1}}},"2":{"name":"isAdmin","decl":{"start":{"line":25,"column":16},"end":{"line":25,"column":23}},"loc":{"start":{"line":25,"column":29},"end":{"line":27,"column":1}}},"3":{"name":"isUser","decl":{"start":{"line":33,"column":16},"end":{"line":33,"column":22}},"loc":{"start":{"line":33,"column":28},"end":{"line":35,"column":1}}}},"branchMap":{},"s":{"0":2,"1":2,"2":2,"3":2,"4":9,"5":2,"6":3,"7":2,"8":3,"9":2},"f":{"0":2,"1":9,"2":3,"3":3},"b":{}}
,"C:\\projects\\my-own-world\\src\\server\\utils\\config\\index.ts": {"path":"C:\\projects\\my-own-world\\src\\server\\utils\\config\\index.ts","statementMap":{"0":{"start":{"line":1,"column":0},"end":{"line":1,"column":31}},"1":{"start":{"line":3,"column":24},"end":{"line":3,"column":56}},"2":{"start":{"line":4,"column":12},"end":{"line":4,"column":62}},"3":{"start":{"line":6,"column":13},"end":{"line":6,"column":67}},"4":{"start":{"line":7,"column":13},"end":{"line":7,"column":68}},"5":{"start":{"line":8,"column":13},"end":{"line":8,"column":68}},"6":{"start":{"line":10,"column":13},"end":{"line":12,"column":3}},"7":{"start":{"line":14,"column":13},"end":{"line":18,"column":3}},"8":{"start":{"line":20,"column":13},"end":{"line":20,"column":41}},"9":{"start":{"line":21,"column":13},"end":{"line":21,"column":48}},"10":{"start":{"line":22,"column":13},"end":{"line":22,"column":47}},"11":{"start":{"line":24,"column":13},"end":{"line":32,"column":3}},"12":{"start":{"line":35,"column":13},"end":{"line":35,"column":62}},"13":{"start":{"line":36,"column":13},"end":{"line":36,"column":66}},"14":{"start":{"line":40,"column":13},"end":{"line":40,"column":45}},"15":{"start":{"line":43,"column":4},"end":{"line":45,"column":6}}},"fnMap":{},"branchMap":{"0":{"loc":{"start":{"line":35,"column":32},"end":{"line":35,"column":44}},"type":"binary-expr","locations":[{"start":{"line":35,"column":32},"end":{"line":35,"column":44}},{"start":{"line":35,"column":48},"end":{"line":35,"column":61}}]},"1":{"loc":{"start":{"line":36,"column":28},"end":{"line":36,"column":57}},"type":"binary-expr","locations":[{"start":{"line":36,"column":28},"end":{"line":36,"column":57}},{"start":{"line":36,"column":61},"end":{"line":36,"column":65}}]}},"s":{"0":1,"1":1,"2":1,"3":1,"4":1,"5":1,"6":1,"7":1,"8":1,"9":1,"10":1,"11":1,"12":1,"13":1,"14":1,"15":1},"f":{},"b":{"0":[1,1],"1":[1,1]}}
,"C:\\projects\\my-own-world\\src\\server\\utils\\routes\\index.ts": {"path":"C:\\projects\\my-own-world\\src\\server\\utils\\routes\\index.ts","statementMap":{"0":{"start":{"line":2,"column":0},"end":{"line":2,"column":null}},"1":{"start":{"line":17,"column":0},"end":{"line":17,"column":54}},"2":{"start":{"line":18,"column":0},"end":{"line":18,"column":55}},"3":{"start":{"line":20,"column":17},"end":{"line":20,"column":30}},"4":{"start":{"line":23,"column":4},"end":{"line":23,"column":48}},"5":{"start":{"line":22,"column":0},"end":{"line":22,"column":16}},"6":{"start":{"line":31,"column":4},"end":{"line":35,"column":7}},"7":{"start":{"line":32,"column":37},"end":{"line":32,"column":55}},"8":{"start":{"line":33,"column":36},"end":{"line":33,"column":53}},"9":{"start":{"line":30,"column":0},"end":{"line":30,"column":16}},"10":{"start":{"line":48,"column":4},"end":{"line":56,"column":6}},"11":{"start":{"line":49,"column":8},"end":{"line":49,"column":31}},"12":{"start":{"line":49,"column":24},"end":{"line":49,"column":31}},"13":{"start":{"line":51,"column":22},"end":{"line":51,"column":75}},"14":{"start":{"line":52,"column":26},"end":{"line":52,"column":52}},"15":{"start":{"line":54,"column":8},"end":{"line":54,"column":74}},"16":{"start":{"line":54,"column":24},"end":{"line":54,"column":74}},"17":{"start":{"line":55,"column":8},"end":{"line":55,"column":21}},"18":{"start":{"line":42,"column":0},"end":{"line":42,"column":16}},"19":{"start":{"line":70,"column":4},"end":{"line":88,"column":6}},"20":{"start":{"line":71,"column":22},"end":{"line":71,"column":94}},"21":{"start":{"line":72,"column":8},"end":{"line":72,"column":21}},"22":{"start":{"line":73,"column":8},"end":{"line":87,"column":11}},"23":{"start":{"line":74,"column":30},"end":{"line":76,"column":31}},"24":{"start":{"line":77,"column":29},"end":{"line":77,"column":97}},"25":{"start":{"line":78,"column":26},"end":{"line":78,"column":53}},"26":{"start":{"line":81,"column":16},"end":{"line":81,"column":35}},"27":{"start":{"line":84,"column":12},"end":{"line":84,"column":61}},"28":{"start":{"line":86,"column":12},"end":{"line":86,"column":42}},"29":{"start":{"line":63,"column":0},"end":{"line":63,"column":16}},"30":{"start":{"line":99,"column":24},"end":{"line":99,"column":39}},"31":{"start":{"line":100,"column":8},"end":{"line":100,"column":38}},"32":{"start":{"line":102,"column":8},"end":{"line":102,"column":33}},"33":{"start":{"line":97,"column":0},"end":{"line":97,"column":7}},"34":{"start":{"line":111,"column":4},"end":{"line":116,"column":6}},"35":{"start":{"line":110,"column":0},"end":{"line":110,"column":16}},"36":{"start":{"line":124,"column":4},"end":{"line":124,"column":20}},"37":{"start":{"line":123,"column":0},"end":{"line":123,"column":16}},"38":{"start":{"line":133,"column":23},"end":{"line":135,"column":null}},"39":{"start":{"line":142,"column":8},"end":{"line":142,"column":22}},"40":{"start":{"line":145,"column":22},"end":{"line":145,"column":60}},"41":{"start":{"line":146,"column":25},"end":{"line":146,"column":85}},"42":{"start":{"line":148,"column":4},"end":{"line":148,"column":52}},"43":{"start":{"line":157,"column":19},"end":{"line":157,"column":41}},"44":{"start":{"line":158,"column":28},"end":{"line":158,"column":36}},"45":{"start":{"line":160,"column":4},"end":{"line":160,"column":24}},"46":{"start":{"line":163,"column":8},"end":{"line":170,"column":10}},"47":{"start":{"line":172,"column":8},"end":{"line":172,"column":24}},"48":{"start":{"line":183,"column":59},"end":{"line":183,"column":64}},"49":{"start":{"line":186,"column":8},"end":{"line":186,"column":29}},"50":{"start":{"line":187,"column":8},"end":{"line":187,"column":31}},"51":{"start":{"line":190,"column":4},"end":{"line":190,"column":31}},"52":{"start":{"line":210,"column":4},"end":{"line":214,"column":6}},"53":{"start":{"line":211,"column":8},"end":{"line":211,"column":58}},"54":{"start":{"line":211,"column":41},"end":{"line":211,"column":58}},"55":{"start":{"line":212,"column":8},"end":{"line":212,"column":21}},"56":{"start":{"line":213,"column":8},"end":{"line":213,"column":48}},"57":{"start":{"line":199,"column":0},"end":{"line":199,"column":16}}},"fnMap":{"0":{"name":"getAuthenticatedUserId","decl":{"start":{"line":22,"column":16},"end":{"line":22,"column":38}},"loc":{"start":{"line":22,"column":55},"end":{"line":24,"column":1}}},"1":{"name":"baseAccessMap","decl":{"start":{"line":30,"column":16},"end":{"line":30,"column":29}},"loc":{"start":{"line":30,"column":46},"end":{"line":36,"column":1}}},"2":{"name":"(anonymous_2)","decl":{"start":{"line":32,"column":31},"end":{"line":32,"column":34}},"loc":{"start":{"line":32,"column":37},"end":{"line":32,"column":55}}},"3":{"name":"(anonymous_3)","decl":{"start":{"line":33,"column":30},"end":{"line":33,"column":33}},"loc":{"start":{"line":33,"column":36},"end":{"line":33,"column":53}}},"4":{"name":"bindCheckAccess","decl":{"start":{"line":42,"column":16},"end":{"line":42,"column":31}},"loc":{"start":{"line":42,"column":47},"end":{"line":57,"column":1}}},"5":{"name":"checkAccess","decl":{"start":{"line":48,"column":26},"end":{"line":48,"column":37}},"loc":{"start":{"line":48,"column":60},"end":{"line":56,"column":5}}},"6":{"name":"bindOptions","decl":{"start":{"line":63,"column":16},"end":{"line":63,"column":27}},"loc":{"start":{"line":63,"column":34},"end":{"line":89,"column":1}}},"7":{"name":"sendOptions","decl":{"start":{"line":70,"column":26},"end":{"line":70,"column":37}},"loc":{"start":{"line":70,"column":60},"end":{"line":88,"column":5}}},"8":{"name":"(anonymous_8)","decl":{"start":{"line":73,"column":31},"end":{"line":73,"column":36}},"loc":{"start":{"line":73,"column":36},"end":{"line":87,"column":9}}},"9":{"name":"send","decl":{"start":{"line":97,"column":22},"end":{"line":97,"column":26}},"loc":{"start":{"line":97,"column":74},"end":{"line":104,"column":1}}},"10":{"name":"partsResponse","decl":{"start":{"line":110,"column":16},"end":{"line":110,"column":29}},"loc":{"start":{"line":110,"column":50},"end":{"line":117,"column":1}}},"11":{"name":"dataResponse","decl":{"start":{"line":123,"column":16},"end":{"line":123,"column":28}},"loc":{"start":{"line":123,"column":33},"end":{"line":125,"column":1}}},"12":{"name":"findRouteConfig","decl":{"start":{"line":132,"column":9},"end":{"line":132,"column":24}},"loc":{"start":{"line":132,"column":57},"end":{"line":149,"column":1}}},"13":{"name":"sendAPIResponse","decl":{"start":{"line":156,"column":9},"end":{"line":156,"column":24}},"loc":{"start":{"line":156,"column":64},"end":{"line":174,"column":1}}},"14":{"name":"sendError","decl":{"start":{"line":182,"column":9},"end":{"line":182,"column":18}},"loc":{"start":{"line":182,"column":79},"end":{"line":191,"column":1}}},"15":{"name":"generateRoute","decl":{"start":{"line":199,"column":16},"end":{"line":199,"column":29}},"loc":{"start":{"line":202,"column":33},"end":{"line":215,"column":1}}},"16":{"name":"getUserById","decl":{"start":{"line":210,"column":26},"end":{"line":210,"column":37}},"loc":{"start":{"line":210,"column":60},"end":{"line":214,"column":5}}}},"branchMap":{"0":{"loc":{"start":{"line":49,"column":8},"end":{"line":49,"column":31}},"type":"if","locations":[{"start":{"line":49,"column":8},"end":{"line":49,"column":31}},{"start":{"line":49,"column":8},"end":{"line":49,"column":31}}]},"1":{"loc":{"start":{"line":54,"column":8},"end":{"line":54,"column":74}},"type":"if","locations":[{"start":{"line":54,"column":8},"end":{"line":54,"column":74}},{"start":{"line":54,"column":8},"end":{"line":54,"column":74}}]},"2":{"loc":{"start":{"line":110,"column":37},"end":{"line":110,"column":39}},"type":"default-arg","locations":[{"start":{"line":110,"column":37},"end":{"line":110,"column":39}}]},"3":{"loc":{"start":{"line":110,"column":48},"end":{"line":110,"column":50}},"type":"default-arg","locations":[{"start":{"line":110,"column":48},"end":{"line":110,"column":50}}]},"4":{"loc":{"start":{"line":138,"column":8},"end":{"line":138,"column":25}},"type":"binary-expr","locations":[{"start":{"line":138,"column":8},"end":{"line":138,"column":25}},{"start":{"line":139,"column":8},"end":{"line":139,"column":28}},{"start":{"line":140,"column":9},"end":{"line":140,"column":31}},{"start":{"line":140,"column":35},"end":{"line":140,"column":53}}]},"5":{"loc":{"start":{"line":157,"column":19},"end":{"line":157,"column":34}},"type":"binary-expr","locations":[{"start":{"line":157,"column":19},"end":{"line":157,"column":34}},{"start":{"line":157,"column":38},"end":{"line":157,"column":41}}]},"6":{"loc":{"start":{"line":182,"column":51},"end":{"line":182,"column":79}},"type":"default-arg","locations":[{"start":{"line":182,"column":51},"end":{"line":182,"column":79}}]},"7":{"loc":{"start":{"line":183,"column":19},"end":{"line":183,"column":30}},"type":"default-arg","locations":[{"start":{"line":183,"column":19},"end":{"line":183,"column":30}}]},"8":{"loc":{"start":{"line":183,"column":42},"end":{"line":183,"column":54}},"type":"default-arg","locations":[{"start":{"line":183,"column":42},"end":{"line":183,"column":54}}]},"9":{"loc":{"start":{"line":202,"column":29},"end":{"line":202,"column":33}},"type":"default-arg","locations":[{"start":{"line":202,"column":29},"end":{"line":202,"column":33}}]},"10":{"loc":{"start":{"line":211,"column":8},"end":{"line":211,"column":58}},"type":"if","locations":[{"start":{"line":211,"column":8},"end":{"line":211,"column":58}},{"start":{"line":211,"column":8},"end":{"line":211,"column":58}}]}},"s":{"0":1,"1":1,"2":1,"3":1,"4":1,"5":1,"6":1,"7":1,"8":1,"9":1,"10":0,"11":0,"12":0,"13":0,"14":0,"15":0,"16":0,"17":0,"18":1,"19":0,"20":0,"21":0,"22":0,"23":0,"24":0,"25":0,"26":0,"27":0,"28":0,"29":1,"30":0,"31":0,"32":0,"33":1,"34":1,"35":1,"36":1,"37":1,"38":0,"39":0,"40":0,"41":0,"42":0,"43":0,"44":0,"45":0,"46":0,"47":0,"48":0,"49":0,"50":0,"51":0,"52":0,"53":0,"54":0,"55":0,"56":0,"57":1},"f":{"0":1,"1":1,"2":1,"3":1,"4":0,"5":0,"6":0,"7":0,"8":0,"9":0,"10":1,"11":1,"12":0,"13":0,"14":0,"15":0,"16":0},"b":{"0":[0,0],"1":[0,0],"2":[0],"3":[0],"4":[0,0,0,0],"5":[0,0],"6":[0],"7":[0],"8":[0],"9":[0],"10":[0,0]}}
}
