TN:
SF:C:\projects\my-own-world\src\server\utils\compares\index.ts
FN:8,isValidUuid
FN:17,isTrue
FN:25,isAdmin
FN:33,isUser
FNF:4
FNH:4
FNDA:2,isValidUuid
FNDA:9,isTrue
FNDA:3,isAdmin
FNDA:3,isUser
DA:1,2
DA:8,2
DA:9,2
DA:10,2
DA:17,2
DA:18,9
DA:25,2
DA:26,3
DA:33,2
DA:34,3
LF:10
LH:10
BRF:0
BRH:0
end_of_record
TN:
SF:C:\projects\my-own-world\src\server\utils\config\index.ts
FNF:0
FNH:0
DA:1,1
DA:3,1
DA:4,1
DA:6,1
DA:7,1
DA:8,1
DA:10,1
DA:14,1
DA:20,1
DA:21,1
DA:22,1
DA:24,1
DA:35,1
DA:36,1
DA:40,1
DA:43,1
LF:16
LH:16
BRDA:35,0,0,1
BRDA:35,0,1,1
BRDA:36,1,0,1
BRDA:36,1,1,1
BRF:4
BRH:4
end_of_record
TN:
SF:C:\projects\my-own-world\src\server\utils\routes\index.ts
FN:22,getAuthenticatedUserId
FN:30,baseAccessMap
FN:32,(anonymous_2)
FN:33,(anonymous_3)
FN:42,bindCheckAccess
FN:48,checkAccess
FN:63,bindOptions
FN:70,sendOptions
FN:73,(anonymous_8)
FN:97,send
FN:110,partsResponse
FN:123,dataResponse
FN:132,findRouteConfig
FN:156,sendAPIResponse
FN:182,sendError
FN:199,generateRoute
FN:210,getUserById
FNF:17
FNH:6
FNDA:1,getAuthenticatedUserId
FNDA:1,baseAccessMap
FNDA:1,(anonymous_2)
FNDA:1,(anonymous_3)
FNDA:0,bindCheckAccess
FNDA:0,checkAccess
FNDA:0,bindOptions
FNDA:0,sendOptions
FNDA:0,(anonymous_8)
FNDA:0,send
FNDA:1,partsResponse
FNDA:1,dataResponse
FNDA:0,findRouteConfig
FNDA:0,sendAPIResponse
FNDA:0,sendError
FNDA:0,generateRoute
FNDA:0,getUserById
DA:2,1
DA:17,1
DA:18,1
DA:20,1
DA:22,1
DA:23,1
DA:30,1
DA:31,1
DA:32,1
DA:33,1
DA:42,1
DA:48,0
DA:49,0
DA:51,0
DA:52,0
DA:54,0
DA:55,0
DA:63,1
DA:70,0
DA:71,0
DA:72,0
DA:73,0
DA:74,0
DA:77,0
DA:78,0
DA:81,0
DA:84,0
DA:86,0
DA:97,1
DA:99,0
DA:100,0
DA:102,0
DA:110,1
DA:111,1
DA:123,1
DA:124,1
DA:133,0
DA:142,0
DA:145,0
DA:146,0
DA:148,0
DA:157,0
DA:158,0
DA:160,0
DA:163,0
DA:172,0
DA:183,0
DA:186,0
DA:187,0
DA:190,0
DA:199,1
DA:210,0
DA:211,0
DA:212,0
DA:213,0
LF:55
LH:18
BRDA:49,0,0,0
BRDA:49,0,1,0
BRDA:54,1,0,0
BRDA:54,1,1,0
BRDA:110,2,0,0
BRDA:110,3,0,0
BRDA:138,4,0,0
BRDA:138,4,1,0
BRDA:138,4,2,0
BRDA:138,4,3,0
BRDA:157,5,0,0
BRDA:157,5,1,0
BRDA:182,6,0,0
BRDA:183,7,0,0
BRDA:183,8,0,0
BRDA:202,9,0,0
BRDA:211,10,0,0
BRDA:211,10,1,0
BRF:18
BRH:0
end_of_record
